[0126/183041.778:ERROR:file_io.cc(90)] ReadExactly: expected 36, observed 0
[0127/115145.625:ERROR:directory_reader_win.cc(43)] FindFirstFile: The system cannot find the path specified. (0x3)
[0128/082910.974:ERROR:directory_reader_win.cc(43)] FindFirstFile: The system cannot find the path specified. (0x3)
[0128/094948.712:ERROR:directory_reader_win.cc(43)] FindFirstFile: The system cannot find the path specified. (0x3)
[0128/111737.785:ERROR:directory_reader_win.cc(43)] FindFirstFile: The system cannot find the path specified. (0x3)
[0128/114453.382:ERROR:directory_reader_win.cc(43)] FindFirstFile: The system cannot find the path specified. (0x3)
[0128/155716.058:ERROR:directory_reader_win.cc(43)] FindFirstFile: The system cannot find the path specified. (0x3)
[0128/181630.437:ERROR:directory_reader_win.cc(43)] FindFirstFile: The system cannot find the path specified. (0x3)
[0128/182740.171:ERROR:process_reader_win.cc(123)] NtOpenThread: {Access Denied} A process has requested access to an object, but has not been granted those access rights. (0xc0000022)
[0128/182740.173:ERROR:exception_snapshot_win.cc(99)] thread ID 4592 not found in process
[0128/182740.234:ERROR:process_reader_win.cc(123)] NtOpenThread: {Access Denied} A process has requested access to an object, but has not been granted those access rights. (0xc0000022)
[0128/182740.234:ERROR:exception_snapshot_win.cc(99)] thread ID 1404 not found in process
[0128/205328.152:ERROR:process_reader_win.cc(151)] SuspendThread: Access is denied. (0x5)
[0128/205328.154:ERROR:process_reader_win.cc(123)] NtOpenThread: {Access Denied} A process has requested access to an object, but has not been granted those access rights. (0xc0000022)
[0128/205328.154:ERROR:exception_snapshot_win.cc(99)] thread ID 8712 not found in process
[0128/205328.191:ERROR:process_reader_win.cc(123)] NtOpenThread: {Access Denied} A process has requested access to an object, but has not been granted those access rights. (0xc0000022)
[0128/205328.192:ERROR:exception_snapshot_win.cc(99)] thread ID 1072 not found in process
[0129/103458.697:ERROR:directory_reader_win.cc(43)] FindFirstFile: The system cannot find the path specified. (0x3)
[0129/105504.196:ERROR:directory_reader_win.cc(43)] FindFirstFile: The system cannot find the path specified. (0x3)
[0129/113214.050:ERROR:directory_reader_win.cc(43)] FindFirstFile: The system cannot find the path specified. (0x3)
[0129/114704.628:ERROR:directory_reader_win.cc(43)] FindFirstFile: The system cannot find the path specified. (0x3)
